[
  "def jsonVersionOfFile(file):",
  "return changeExtension(file, \"json\")",
  "macPrint",
  "",
  "def email(to):",
  "googleAppScript(\"email\")",
  "smartRead('consolidate.js') # has a lot of stuff in it ... that ... is ... all js. but it is not the comments.",
  "email('Math Homework.pdf')",
  "print(absdir(abspath(outdir)))",
  "print(ranger([4,4]))",
  "filePicker('dldir', 'find')",
  "print(findFile('tokens.json'))",
  "def normRead(file):",
  "dir = dirFromFile(file)",
  "return read(normpath(dir, file))",
  "def normAppend(file, data):",
  "dir = dirFromFile(file)",
  "append(normpath(dir, file), data)",
  "moveToAppropiateDir('token.json')",
  "filePicker('pdf')",
  "plf()",
  "clip(re.findall(urlRE, s))",
  "cfile('utils.js', outdir)",
  "printdir(outdir)",
  "mfile('qs.py', 'ga.py')",
  "s = \"/home/kdog3682/CWF/08-22-2021/10958.json\"",
  "mfile(s, jsondir)",
  "srequest('https://jsfiddle.net/Lt7cso3m/2/')",
  "uploadMathHomework()",
  "findFile('g5math.pdf')",
  "s = srequest('https://stackoverflow.com/questions/44791182/vue-js-how-to-add-modify-css-class-inside-slot-from-parent')",
  "r = '<pre(?: .*)?><code(?: .*)?>([\\w\\W]+?)</code></pre>'",
  "clip(unescapeHtml(join(re.findall(r, s))))",
  "javascript('node-pdfgen.js', 'hi')",
  "pprint(changeLastJsonFileToJavascriptAsset())",
  "ff('html text=nerdamer')",
  "normWrite('corpus.json', linegetter(glf()))",
  "pprint(addWordsToDictionaryf('base.py'))",
  "files = ff(dir=dldir, name='G(?:rade) *\\d')",
  "for file in files:",
  "name = changeFileName(file, lambda x: 'Review ' + x + ' ' + datestamp())",
  "cfile(file, name)",
  "pprint(createPokemonTemplateComponents(150))",
  "clip(map(dread('pokemon'), lambda x: x.get('name')))",
  "print(camelCase('nido-f'))",
  "view-source:https://mathkangaroo.org/mks/practice/free-question-samples/",
  "string = datestamp(upcomingDate('saturday', datetime), '/')",
  "print(string)",
  "print(cleanupFileName('sdf.pdf', ss.get('string')))",
  "pprint(prependFilePath('Grade 4 asdf.pdf', 'hi'))",
  "printdir('/home/kdog3682/.config/chromium/Crash Reports')",
  "mkdir(servedir)",
  "nodemon()",
  "foo()",
  "rfile('vosk.py')",
  "pawn 1 knight 3 bishop 3 rook 5 queen 5",
  "Graphical Interpretations",
  "mkdir('/home/kdog3682/SVG')",
  "files = filter(absdir(dldir), isRecent, hours=5)",
  "map(files, mfile, svgdir)",
  "pprint(getPokemonData())",
  "google_request(2)",
  "@getsetf(clipfile, prepend='mc.js', name='HttpScriptLibrary')",
  "foo()",
  "@getsetf(clipfile, prepend='mc.js', name='RegexLibrary')",
  "ff(dir=jchdir, js=1, text='SVGArtist')",
  "pprint(mainScrape())",
  "olf()",
  "ana = TextAnalysis('mc.js', 'htmlstr')",
  "print(normRead('functions.log'))",
  "printdir(logdir)",
  "ana = TextAnalysis('view-source:https://the-teacher-next-door.com/100-report-card-comments-you-can-use-now/')",
  "print(cwtBuildNecessaryFiles())",
  "flat(list({'a': [1,2}).values())",
  "pprint(upcomingDateObject('saturday'))",
  "mkdir(productiondir)",
  "printdir(productiondir)",
  "TextAnalysis('https://developer.mozilla.org/en-US/docs/Web/SVG/Element')",
  "print(readMathcha(glf()))",
  "print('\\u00f7')",
  "editMathcha(glf(e='mathcha'), mathchaReplace)",
  "findDir(pydir, 'shsat')",
  "printdir(examdir)",
  "pprint(getLastPdf('shsat'))",
  "mergeEm('G4 & G5 Online Report Cards')",
  "pprint(rangeFromString('2 4 x 5 6'))",
  "print([1] + 4)",
  "ofile(mapdir(choosefiles(clipdir), clipdir))",
  "ff(jsdir, name='october')",
  "TextAnalysis('scrape.html.txt', '\\\\b[a-zA-Z]{3,}\\\\b')",
  "javascript('run-node.js')",
  "print(isfile('readline.js'))",
  "printdir(nodedir)",
  "pprint(printDirRecursive(nodedir + 'acorn/dist/acorn.js'))",
  "store = [getNodeFile(n) for n in printdir(nodedir)]",
  "pprint(store)",
  "pprint(upcomingDateObject('saturday'))",
  "findCssFile()",
  "versionControl('grades.txt', revert=1)",
  "printdir(budir)",
  "pprint(isfile('jshint.js'))",
  "pprint(isRecent('class.js', days=1))",
  "ff('js', js=1, mode='clipinfo')",
  "clip(oneLine(clip()))",
  "mkdir(colordir)",
  "cleanup(dldir, 'untitled|dela|\\.mathcha')",
  "map(ff(dldir, name='^FC'), mfile, colordir)",
  "ff(txtdir, week=1, text='bagel', mode='o')",
  "dl()",
  "zipToDir(swiftdir)",
  "pprint(normRead('scrape.html').replace('\\n','s'))",
  "rpw('scrape.html', lambda s: re.sub('\\n', '\\n', s))",
  "cfile(jsdir + 'scrape.html', swiftdir)",
  "ofile(swiftdir + 'scrape.html')",
  "swifthtml = \"/home/kdog3682/SWIFT-LATEX/scrape.html\"",
  "getNodeFile('marked')",
  "appendVariable(absdir(pydir))",
  "c = checkpointf(extensions=['js', 'lang'])",
  "rfiles(filter(filter(temp, isfile), alwaysDelete))",
  "mover('vim sh', 'vim & sh')",
  "appendVariable(choose(colordistdir))",
  "a = [1]",
  "b = [2]",
  "def sum(a, b):",
  "return a + b",
  "pprint(testsuite(linegetter(t, fn=lambda x: s + x)))",
  "seeRecent()",
  "printdir(nodedir + 'chroma-js')",
  "requireUrl ='/home/kdog3682/.npm-global/lib/node_modules/'",
  "print(nodedir == requireUrl)",
  "ofile(choose(pdfdir))",
  "pprint(create_pdfdict_from_pdf_files())",
  "pprint(google_app_controller())",
  "ff(dldir, name='ga')",
  "revertFile() i believe u can use \"rev\" with it.",
  "appendVariable(glf()) creates something like temp = \"/mnt/chromeos/MyFiles/Downloads/12_17_2022 (7).css\"",
  "ff(dldir, css=1, mode='d')",
  "pprint(absdir(budir + 'CURRENT'))",
  "saveToDrive('clip3.js', 'cwt_scores_autumn2022.json')",
  "printdir(fontdir)",
  "map(ff(dldir, e='zip'), keepOrDelete)",
  "",
  "pprint(toJSON(Partitioner(ff(dldir, e='pdf'))))",
  "ff(jsondir)",
  "normMove(clipfile, 'educated.book.txt')",
  "sentenceRE = '(?:(?<!Mr|Miss|Ms)\\. \"?|\\n *)(\\S+)'",
  "backupMostPopular()",
  "ff(jsdir)",
  "mkdir(dir2023)",
  "writeGitIgnore(dir2023)",
  "pprint(hms())",
  "pprint(request(gitUrl('changelog.md', '2023'))) # doesnt appear to be done yet",
  "changelog()",
  "gitPush()",
  "pprint(request(gitUrl('changelog.md', '2023')))",
  "with CD(dir2023):",
  "npmInstall('open')",
  "L",
  "The",
  "Thssdfiosdfsd",
  "sdafsdfasdf",
  "asdfasdf",
  "Monday ... Tuesday",
  "1230 to 6PM",
  "pingjun ... abc-def-ghi-asdf",
  "tthrtrhggggg",
  "scrape('https://developer.mozilla.org/en-US/docs/Web/JavaScript/Reference/Global_Objects')",
  "normClear('variables.master.json')",
  "appendjson('variables.master.json', data)",
  "printdir(dir2023)",
  "SystemCommand('ls')",
  "SystemCommand('npm -v')",
  "npmInstall('jshint')",
  "npmInstall('prettier')",
  "npmInstall('acorn')",
  "npmInstall('@lezer/javascript')",
  "revert('/home/kdog3682/CWF/public/class4.js', increment=1, vim=1)",
  "folders = ff(budir, isdir=1, reverse=1)",
  "clip(getLinks(folders, q='class.js'))",
  "mkdir(pdfdir2)",
  "mfiles(ff(dldir, pdf=1), pdfdir2)",
  "printdir(pdfdir2)",
  "files = rfiles(ff(pdfdir2, name='\\)'))",
  "overrideFile()",
  "rfile(glf())",
  "renameFiles()",
  "scrapeLinks()",
  "mkdir(archdir)",
  "pprint(glf(amount=2))",
  "printdir(dir2023)",
  "to2023('katex.min.js', 'katex.min.css')",
  "to2023('vue.js')",
  "to2023('vue.min.js')",
  "appendVariable(glf())",
  "cdir(fontdir, dir2023)",
  "npmInstall('fuzzysort')",
  "ofile(ff(jsdir, name='cm'))",
  "scrapeLinks()",
  "indexes = '8-19 21-30'",
  "indexes = rangeFromString(indexes)",
  "print(indexes)",
  "alist = [1,2,3,4,5,6]",
  "pprint(mostRecent(dldir, n=5))",
  "chdir(dldir)",
  "cfile(\"G5 2019 NYSE Part 2.pdf\", 'Grade 5 Classwork.pdf')",
  "uploadDirectoryToExcel()",
  "mkdir(dir2023 + 'images')",
  "mfiles(antichoose(ff(dldir, pdf=1)), 'trash')",
  "printdir(dldir)",
  "seeVersions()",
  "pprint(list(read(dldir + 'emoji.json').keys()))",
  "SystemCommand('npm update')",
  "SystemCommand('git show --name-only')",
  "SystemCommand('git add .\\ngit show --name-only')",
  "SystemCommand('git rev-list --all --count') # 34 commits",
  "SystemCommand('git shortlog -s')",
  "ff(text='g4stud', js=1)",
  "print(tail(pydir))",
  "mfile('vue-directives.js', 'vue-utils.js')",
  "pprint(googleAppController())"
]
